<?xml version="1.0" encoding="UTF-8"?><testsuite failures="0" name="cucumber.runtime.formatter.JUnitFormatter" skipped="0" tests="2" time="26.445805">
<testcase classname="As an end user I need a Google search feature for all Animals I like" name="As an end user I can search my favorite animals using the google" time="13.599918">
<system-out><![CDATA[Given I am on Google page...................................................passed
When I enter: "frog" in search field........................................passed
And I search................................................................passed
Then I see results..........................................................passed
]]></system-out>
</testcase>
<testcase classname="As an end user I need a Google search feature for all Animals I like" name="As an end user I can search my favorite animals using the google 2" time="12.845887">
<system-out><![CDATA[Given I am on Google page...................................................passed
When I enter: "pig" in search field.........................................passed
And I search................................................................passed
Then I see results..........................................................passed
]]></system-out>
</testcase>
</testsuite>
